<?xml version="1.0" encoding="UTF-8"?>
<!DOCTYPE coverage SYSTEM "https://raw.githubusercontent.com/cobertura/cobertura/master/cobertura/src/site/htdocs/xml/coverage-04.dtd">
<coverage line-rate="0.959302325581395" branch-rate="0" lines-covered="165" lines-valid="172" branches-covered="0" branches-valid="0" complexity="0" version="3.6.2" timestamp="2023-08-04 23:52:33.107456">
  <sources>
    <source>/__w/filters/filters/filters</source>
  </sources>
  <packages>
    <package name="filters" line-rate="0.959302325581395" branch-rate="0" complexity="0">
      <classes>
        <class name="assert.R" filename="R/assert.R" line-rate="0.785714285714286" branch-rate="0" complexity="0">
          <methods>
            <method name="abort" signature="" line-rate="1" branch-rate="0" complexity="0">
              <lines>
                <line number="2" hits="27" branch="false"/>
              </lines>
            </method>
            <method name="assert_valid_id" signature="" line-rate="1" branch-rate="0" complexity="0">
              <lines>
                <line number="6" hits="72" branch="false"/>
                <line number="7" hits="72" branch="false"/>
                <line number="8" hits="6" branch="false"/>
                <line number="9" hits="6" branch="false"/>
                <line number="10" hits="6" branch="false"/>
              </lines>
            </method>
            <method name="assert_filter_exists" signature="" line-rate="1" branch-rate="0" complexity="0">
              <lines>
                <line number="15" hits="12" branch="false"/>
                <line number="16" hits="3" branch="false"/>
                <line number="17" hits="3" branch="false"/>
                <line number="18" hits="3" branch="false"/>
                <line number="19" hits="3" branch="false"/>
              </lines>
            </method>
            <method name="new_assert_scalar" signature="" line-rate="0" branch-rate="0" complexity="0">
              <lines>
                <line number="24" hits="0" branch="false"/>
                <line number="25" hits="0" branch="false"/>
                <line number="26" hits="0" branch="false"/>
                <line number="27" hits="0" branch="false"/>
                <line number="28" hits="0" branch="false"/>
              </lines>
            </method>
            <method name="assert_character_vector" signature="" line-rate="1" branch-rate="0" complexity="0">
              <lines>
                <line number="34" hits="25" branch="false"/>
                <line number="35" hits="6" branch="false"/>
                <line number="36" hits="6" branch="false"/>
                <line number="37" hits="6" branch="false"/>
                <line number="38" hits="6" branch="false"/>
              </lines>
            </method>
            <method name="assert_data_frame" signature="" line-rate="0.5" branch-rate="0" complexity="0">
              <lines>
                <line number="43" hits="20" branch="false"/>
                <line number="44" hits="0" branch="false"/>
              </lines>
            </method>
            <method name="assert_named_list_of_data_frames" signature="" line-rate="1" branch-rate="0" complexity="0">
              <lines>
                <line number="49" hits="6" branch="false"/>
                <line number="50" hits="6" branch="false"/>
                <line number="51" hits="6" branch="false"/>
                <line number="52" hits="6" branch="false"/>
                <line number="53" hits="1" branch="false"/>
              </lines>
            </method>
          </methods>
          <lines>
            <line number="2" hits="27" branch="false"/>
            <line number="6" hits="72" branch="false"/>
            <line number="7" hits="72" branch="false"/>
            <line number="8" hits="6" branch="false"/>
            <line number="9" hits="6" branch="false"/>
            <line number="10" hits="6" branch="false"/>
            <line number="15" hits="12" branch="false"/>
            <line number="16" hits="3" branch="false"/>
            <line number="17" hits="3" branch="false"/>
            <line number="18" hits="3" branch="false"/>
            <line number="19" hits="3" branch="false"/>
            <line number="24" hits="0" branch="false"/>
            <line number="25" hits="0" branch="false"/>
            <line number="26" hits="0" branch="false"/>
            <line number="27" hits="0" branch="false"/>
            <line number="28" hits="0" branch="false"/>
            <line number="34" hits="25" branch="false"/>
            <line number="35" hits="6" branch="false"/>
            <line number="36" hits="6" branch="false"/>
            <line number="37" hits="6" branch="false"/>
            <line number="38" hits="6" branch="false"/>
            <line number="43" hits="20" branch="false"/>
            <line number="44" hits="0" branch="false"/>
            <line number="49" hits="6" branch="false"/>
            <line number="50" hits="6" branch="false"/>
            <line number="51" hits="6" branch="false"/>
            <line number="52" hits="6" branch="false"/>
            <line number="53" hits="1" branch="false"/>
          </lines>
        </class>
        <class name="filters.R" filename="R/filters.R" line-rate="0.99009900990099" branch-rate="0" complexity="0">
          <methods>
            <method name="add_filter" signature="" line-rate="0.956521739130435" branch-rate="0" complexity="0">
              <lines>
                <line number="57" hits="22" branch="false"/>
                <line number="58" hits="16" branch="false"/>
                <line number="59" hits="16" branch="false"/>
                <line number="60" hits="16" branch="false"/>
                <line number="61" hits="16" branch="false"/>
                <line number="62" hits="16" branch="false"/>
                <line number="63" hits="16" branch="false"/>
                <line number="64" hits="16" branch="false"/>
                <line number="65" hits="0" branch="false"/>
                <line number="66" hits="16" branch="false"/>
                <line number="67" hits="16" branch="false"/>
                <line number="68" hits="16" branch="false"/>
                <line number="69" hits="12" branch="false"/>
                <line number="71" hits="13" branch="false"/>
                <line number="76" hits="5" branch="false"/>
                <line number="77" hits="13" branch="false"/>
                <line number="78" hits="8" branch="false"/>
                <line number="79" hits="13" branch="false"/>
                <line number="81" hits="13" branch="false"/>
                <line number="82" hits="13" branch="false"/>
                <line number="83" hits="13" branch="false"/>
                <line number="84" hits="13" branch="false"/>
                <line number="85" hits="13" branch="false"/>
              </lines>
            </method>
            <method name="get_filter" signature="" line-rate="1" branch-rate="0" complexity="0">
              <lines>
                <line number="104" hits="50" branch="false"/>
                <line number="105" hits="50" branch="false"/>
                <line number="106" hits="3" branch="false"/>
                <line number="108" hits="47" branch="false"/>
              </lines>
            </method>
            <method name="get_filters" signature="" line-rate="1" branch-rate="0" complexity="0">
              <lines>
                <line number="124" hits="24" branch="false"/>
                <line number="125" hits="24" branch="false"/>
                <line number="126" hits="24" branch="false"/>
                <line number="127" hits="24" branch="false"/>
                <line number="128" hits="24" branch="false"/>
              </lines>
            </method>
            <method name="list_all_filters" signature="" line-rate="1" branch-rate="0" complexity="0">
              <lines>
                <line number="143" hits="1" branch="false"/>
                <line number="144" hits="1" branch="false"/>
                <line number="145" hits="1" branch="false"/>
                <line number="146" hits="1" branch="false"/>
                <line number="147" hits="1" branch="false"/>
                <line number="148" hits="1" branch="false"/>
                <line number="149" hits="1" branch="false"/>
                <line number="150" hits="1" branch="false"/>
              </lines>
            </method>
            <method name="apply_filter" signature="" line-rate="1" branch-rate="0" complexity="0">
              <lines>
                <line number="177" hits="30" branch="false"/>
              </lines>
            </method>
            <method name="apply_filter.default" signature="" line-rate="1" branch-rate="0" complexity="0">
              <lines>
                <line number="183" hits="4" branch="false"/>
              </lines>
            </method>
            <method name="apply_filter.data.frame" signature="" line-rate="1" branch-rate="0" complexity="0">
              <lines>
                <line number="193" hits="20" branch="false"/>
                <line number="194" hits="20" branch="false"/>
                <line number="195" hits="20" branch="false"/>
                <line number="196" hits="20" branch="false"/>
                <line number="198" hits="20" branch="false"/>
                <line number="199" hits="1" branch="false"/>
                <line number="202" hits="19" branch="false"/>
                <line number="203" hits="19" branch="false"/>
                <line number="204" hits="19" branch="false"/>
                <line number="205" hits="19" branch="false"/>
                <line number="206" hits="19" branch="false"/>
                <line number="208" hits="19" branch="false"/>
                <line number="209" hits="2" branch="false"/>
                <line number="210" hits="2" branch="false"/>
                <line number="212" hits="2" branch="false"/>
                <line number="215" hits="17" branch="false"/>
                <line number="216" hits="17" branch="false"/>
                <line number="219" hits="17" branch="false"/>
                <line number="220" hits="17" branch="false"/>
                <line number="221" hits="17" branch="false"/>
                <line number="222" hits="17" branch="false"/>
                <line number="224" hits="17" branch="false"/>
                <line number="225" hits="17" branch="false"/>
                <line number="228" hits="17" branch="false"/>
              </lines>
            </method>
            <method name="apply_filter.list" signature="" line-rate="1" branch-rate="0" complexity="0">
              <lines>
                <line number="234" hits="6" branch="false"/>
                <line number="236" hits="5" branch="false"/>
                <line number="237" hits="5" branch="false"/>
                <line number="238" hits="5" branch="false"/>
                <line number="239" hits="5" branch="false"/>
                <line number="241" hits="5" branch="false"/>
                <line number="242" hits="2" branch="false"/>
                <line number="243" hits="2" branch="false"/>
                <line number="244" hits="2" branch="false"/>
                <line number="245" hits="2" branch="false"/>
                <line number="246" hits="2" branch="false"/>
                <line number="249" hits="3" branch="false"/>
                <line number="250" hits="3" branch="false"/>
                <line number="251" hits="3" branch="false"/>
                <line number="252" hits="3" branch="false"/>
                <line number="253" hits="3" branch="false"/>
                <line number="254" hits="3" branch="false"/>
                <line number="255" hits="3" branch="false"/>
                <line number="256" hits="3" branch="false"/>
                <line number="257" hits="3" branch="false"/>
                <line number="258" hits="3" branch="false"/>
                <line number="259" hits="3" branch="false"/>
                <line number="260" hits="3" branch="false"/>
                <line number="262" hits="3" branch="false"/>
                <line number="263" hits="2" branch="false"/>
                <line number="265" hits="1" branch="false"/>
              </lines>
            </method>
            <method name="remove_subjects_not_in_adsl" signature="" line-rate="1" branch-rate="0" complexity="0">
              <lines>
                <line number="270" hits="2" branch="false"/>
                <line number="271" hits="2" branch="false"/>
                <line number="272" hits="2" branch="false"/>
                <line number="273" hits="4" branch="false"/>
                <line number="274" hits="4" branch="false"/>
                <line number="275" hits="4" branch="false"/>
                <line number="276" hits="4" branch="false"/>
                <line number="277" hits="4" branch="false"/>
                <line number="279" hits="2" branch="false"/>
              </lines>
            </method>
          </methods>
          <lines>
            <line number="57" hits="22" branch="false"/>
            <line number="58" hits="16" branch="false"/>
            <line number="59" hits="16" branch="false"/>
            <line number="60" hits="16" branch="false"/>
            <line number="61" hits="16" branch="false"/>
            <line number="62" hits="16" branch="false"/>
            <line number="63" hits="16" branch="false"/>
            <line number="64" hits="16" branch="false"/>
            <line number="65" hits="0" branch="false"/>
            <line number="66" hits="16" branch="false"/>
            <line number="67" hits="16" branch="false"/>
            <line number="68" hits="16" branch="false"/>
            <line number="69" hits="12" branch="false"/>
            <line number="71" hits="13" branch="false"/>
            <line number="76" hits="5" branch="false"/>
            <line number="77" hits="13" branch="false"/>
            <line number="78" hits="8" branch="false"/>
            <line number="79" hits="13" branch="false"/>
            <line number="81" hits="13" branch="false"/>
            <line number="82" hits="13" branch="false"/>
            <line number="83" hits="13" branch="false"/>
            <line number="84" hits="13" branch="false"/>
            <line number="85" hits="13" branch="false"/>
            <line number="104" hits="50" branch="false"/>
            <line number="105" hits="50" branch="false"/>
            <line number="106" hits="3" branch="false"/>
            <line number="108" hits="47" branch="false"/>
            <line number="124" hits="24" branch="false"/>
            <line number="125" hits="24" branch="false"/>
            <line number="126" hits="24" branch="false"/>
            <line number="127" hits="24" branch="false"/>
            <line number="128" hits="24" branch="false"/>
            <line number="143" hits="1" branch="false"/>
            <line number="144" hits="1" branch="false"/>
            <line number="145" hits="1" branch="false"/>
            <line number="146" hits="1" branch="false"/>
            <line number="147" hits="1" branch="false"/>
            <line number="148" hits="1" branch="false"/>
            <line number="149" hits="1" branch="false"/>
            <line number="150" hits="1" branch="false"/>
            <line number="177" hits="30" branch="false"/>
            <line number="183" hits="4" branch="false"/>
            <line number="193" hits="20" branch="false"/>
            <line number="194" hits="20" branch="false"/>
            <line number="195" hits="20" branch="false"/>
            <line number="196" hits="20" branch="false"/>
            <line number="198" hits="20" branch="false"/>
            <line number="199" hits="1" branch="false"/>
            <line number="202" hits="19" branch="false"/>
            <line number="203" hits="19" branch="false"/>
            <line number="204" hits="19" branch="false"/>
            <line number="205" hits="19" branch="false"/>
            <line number="206" hits="19" branch="false"/>
            <line number="208" hits="19" branch="false"/>
            <line number="209" hits="2" branch="false"/>
            <line number="210" hits="2" branch="false"/>
            <line number="212" hits="2" branch="false"/>
            <line number="215" hits="17" branch="false"/>
            <line number="216" hits="17" branch="false"/>
            <line number="219" hits="17" branch="false"/>
            <line number="220" hits="17" branch="false"/>
            <line number="221" hits="17" branch="false"/>
            <line number="222" hits="17" branch="false"/>
            <line number="224" hits="17" branch="false"/>
            <line number="225" hits="17" branch="false"/>
            <line number="228" hits="17" branch="false"/>
            <line number="234" hits="6" branch="false"/>
            <line number="236" hits="5" branch="false"/>
            <line number="237" hits="5" branch="false"/>
            <line number="238" hits="5" branch="false"/>
            <line number="239" hits="5" branch="false"/>
            <line number="241" hits="5" branch="false"/>
            <line number="242" hits="2" branch="false"/>
            <line number="243" hits="2" branch="false"/>
            <line number="244" hits="2" branch="false"/>
            <line number="245" hits="2" branch="false"/>
            <line number="246" hits="2" branch="false"/>
            <line number="249" hits="3" branch="false"/>
            <line number="250" hits="3" branch="false"/>
            <line number="251" hits="3" branch="false"/>
            <line number="252" hits="3" branch="false"/>
            <line number="253" hits="3" branch="false"/>
            <line number="254" hits="3" branch="false"/>
            <line number="255" hits="3" branch="false"/>
            <line number="256" hits="3" branch="false"/>
            <line number="257" hits="3" branch="false"/>
            <line number="258" hits="3" branch="false"/>
            <line number="259" hits="3" branch="false"/>
            <line number="260" hits="3" branch="false"/>
            <line number="262" hits="3" branch="false"/>
            <line number="263" hits="2" branch="false"/>
            <line number="265" hits="1" branch="false"/>
            <line number="270" hits="2" branch="false"/>
            <line number="271" hits="2" branch="false"/>
            <line number="272" hits="2" branch="false"/>
            <line number="273" hits="4" branch="false"/>
            <line number="274" hits="4" branch="false"/>
            <line number="275" hits="4" branch="false"/>
            <line number="276" hits="4" branch="false"/>
            <line number="277" hits="4" branch="false"/>
            <line number="279" hits="2" branch="false"/>
          </lines>
        </class>
        <class name="load_filters.R" filename="R/load_filters.R" line-rate="1" branch-rate="0" complexity="0">
          <methods>
            <method name="load_filters" signature="" line-rate="1" branch-rate="0" complexity="0">
              <lines>
                <line number="19" hits="7" branch="false"/>
                <line number="20" hits="3" branch="false"/>
                <line number="21" hits="3" branch="false"/>
                <line number="22" hits="3" branch="false"/>
                <line number="23" hits="3" branch="false"/>
                <line number="24" hits="3" branch="false"/>
                <line number="25" hits="3" branch="false"/>
                <line number="26" hits="3" branch="false"/>
                <line number="27" hits="3" branch="false"/>
                <line number="28" hits="3" branch="false"/>
                <line number="29" hits="3" branch="false"/>
                <line number="30" hits="3" branch="false"/>
                <line number="31" hits="2" branch="false"/>
              </lines>
            </method>
          </methods>
          <lines>
            <line number="19" hits="7" branch="false"/>
            <line number="20" hits="3" branch="false"/>
            <line number="21" hits="3" branch="false"/>
            <line number="22" hits="3" branch="false"/>
            <line number="23" hits="3" branch="false"/>
            <line number="24" hits="3" branch="false"/>
            <line number="25" hits="3" branch="false"/>
            <line number="26" hits="3" branch="false"/>
            <line number="27" hits="3" branch="false"/>
            <line number="28" hits="3" branch="false"/>
            <line number="29" hits="3" branch="false"/>
            <line number="30" hits="3" branch="false"/>
            <line number="31" hits="2" branch="false"/>
          </lines>
        </class>
        <class name="log.R" filename="R/log.R" line-rate="1" branch-rate="0" complexity="0">
          <methods>
            <method name="log_number_of_matched_records" signature="" line-rate="1" branch-rate="0" complexity="0">
              <lines>
                <line number="4" hits="17" branch="false"/>
                <line number="5" hits="17" branch="false"/>
                <line number="6" hits="17" branch="false"/>
                <line number="7" hits="17" branch="false"/>
                <line number="8" hits="17" branch="false"/>
                <line number="9" hits="17" branch="false"/>
              </lines>
            </method>
            <method name="log_matching_filters" signature="" line-rate="1" branch-rate="0" complexity="0">
              <lines>
                <line number="13" hits="17" branch="false"/>
                <line number="14" hits="17" branch="false"/>
                <line number="15" hits="17" branch="false"/>
                <line number="16" hits="17" branch="false"/>
                <line number="17" hits="17" branch="false"/>
                <line number="18" hits="17" branch="false"/>
              </lines>
            </method>
          </methods>
          <lines>
            <line number="4" hits="17" branch="false"/>
            <line number="5" hits="17" branch="false"/>
            <line number="6" hits="17" branch="false"/>
            <line number="7" hits="17" branch="false"/>
            <line number="8" hits="17" branch="false"/>
            <line number="9" hits="17" branch="false"/>
            <line number="13" hits="17" branch="false"/>
            <line number="14" hits="17" branch="false"/>
            <line number="15" hits="17" branch="false"/>
            <line number="16" hits="17" branch="false"/>
            <line number="17" hits="17" branch="false"/>
            <line number="18" hits="17" branch="false"/>
          </lines>
        </class>
        <class name="utils.R" filename="R/utils.R" line-rate="1" branch-rate="0" complexity="0">
          <methods>
            <method name="squote" signature="" line-rate="1" branch-rate="0" complexity="0">
              <lines>
                <line number="2" hits="23" branch="false"/>
              </lines>
            </method>
            <method name="as_data_frame" signature="" line-rate="1" branch-rate="0" complexity="0">
              <lines>
                <line number="6" hits="1" branch="false"/>
                <line number="7" hits="1" branch="false"/>
                <line number="8" hits="1" branch="false"/>
              </lines>
            </method>
            <method name="deparse" signature="" line-rate="1" branch-rate="0" complexity="0">
              <lines>
                <line number="12" hits="40" branch="false"/>
              </lines>
            </method>
            <method name="map_chr" signature="" line-rate="1" branch-rate="0" complexity="0">
              <lines>
                <line number="16" hits="3" branch="false"/>
              </lines>
            </method>
            <method name="map_bool" signature="" line-rate="1" branch-rate="0" complexity="0">
              <lines>
                <line number="20" hits="24" branch="false"/>
              </lines>
            </method>
            <method name="get_labels" signature="" line-rate="1" branch-rate="0" complexity="0">
              <lines>
                <line number="24" hits="26" branch="false"/>
              </lines>
            </method>
            <method name="set_labels" signature="" line-rate="1" branch-rate="0" complexity="0">
              <lines>
                <line number="28" hits="24" branch="false"/>
                <line number="29" hits="24" branch="false"/>
                <line number="30" hits="1869" branch="false"/>
                <line number="32" hits="24" branch="false"/>
              </lines>
            </method>
            <method name="combine_filter_conditions" signature="" line-rate="1" branch-rate="0" complexity="0">
              <lines>
                <line number="36" hits="17" branch="false"/>
                <line number="37" hits="17" branch="false"/>
                <line number="38" hits="17" branch="false"/>
                <line number="39" hits="17" branch="false"/>
              </lines>
            </method>
            <method name="semi_join" signature="" line-rate="1" branch-rate="0" complexity="0">
              <lines>
                <line number="43" hits="7" branch="false"/>
                <line number="44" hits="7" branch="false"/>
              </lines>
            </method>
          </methods>
          <lines>
            <line number="2" hits="23" branch="false"/>
            <line number="6" hits="1" branch="false"/>
            <line number="7" hits="1" branch="false"/>
            <line number="8" hits="1" branch="false"/>
            <line number="12" hits="40" branch="false"/>
            <line number="16" hits="3" branch="false"/>
            <line number="20" hits="24" branch="false"/>
            <line number="24" hits="26" branch="false"/>
            <line number="28" hits="24" branch="false"/>
            <line number="29" hits="24" branch="false"/>
            <line number="30" hits="1869" branch="false"/>
            <line number="32" hits="24" branch="false"/>
            <line number="36" hits="17" branch="false"/>
            <line number="37" hits="17" branch="false"/>
            <line number="38" hits="17" branch="false"/>
            <line number="39" hits="17" branch="false"/>
            <line number="43" hits="7" branch="false"/>
            <line number="44" hits="7" branch="false"/>
          </lines>
        </class>
      </classes>
    </package>
  </packages>
</coverage>
